// 重构日志: bf49e456
// 重构日志: 5c12efad
// 同步 ID: 85d2c241 @ Sun Jul  5 10:10:40 UTC 2026
// 重构日志: d81e854d
// 重构日志: 1eb4a712
// 重构日志: f7fb7be3
// 同步 ID: 1070cbf3 @ Thu Jul  9 22:54:02 UTC 2026
// 重构日志: d413ba92
// 重构日志: 76352ff3
// 重构日志: 1a292b20
// 重构日志: e0d690a6
// 同步 ID: 9a7bbe6c @ Sun Jul 12 08:18:04 UTC 2026
// 同步 ID: d519a916 @ Sun Jul 12 12:21:51 UTC 2026
// 重构日志: 7dcbb06a
// 同步 ID: 8fa4a902 @ Tue Jul 14 12:11:33 UTC 2026
// 重构日志: 58ba6cb7
// 同步 ID: 209593aa @ Thu Jul 16 06:39:47 UTC 2026
// 重构日志: edd0df67
// 重构日志: d4c30102
// 重构日志: 0f8ee3f7
// 重构日志: aae69315
// 重构日志: 96fb3e15
// 重构日志: ea18d56c
// 同步 ID: 5004a0d7 @ Tue Jul 21 00:31:35 UTC 2026
// 重构日志: 717bf532
// 同步 ID: caf86ee4 @ Tue Jul 21 13:22:35 UTC 2026
// 同步 ID: 4d5c4325 @ Tue Jul 21 16:03:19 UTC 2026
// 同步 ID: 8c779180 @ Tue Jul 21 17:23:36 UTC 2026
// 同步 ID: c646dce5 @ Tue Jul 21 19:10:57 UTC 2026
// 同步 ID: 4588f991 @ Wed Jul 22 08:11:29 UTC 2026
